[quomodosoft.com/html/csoon/minimal/index-shader.html]
[backblue.gif]
[fade.gif]
[index.html]
[quomodosoft.com/html/csoon/minimal/img/favicon.png]
[quomodosoft.com/html/csoon/minimal/js/vendor/modernizr-2.8.3.min.js]
[quomodosoft.com/html/csoon/minimal/img/logo_black.png]
[quomodosoft.com/html/csoon/minimal/img/gallery/gallery-1.jpg]
[quomodosoft.com/html/csoon/minimal/img/gallery/gallery-2.jpg]
[quomodosoft.com/html/csoon/minimal/img/gallery/gallery-3.jpg]
[quomodosoft.com/html/csoon/minimal/img/gallery/gallery-4.jpg]
[quomodosoft.com/html/csoon/minimal/js/vendor/jquery-1.12.4.min.js]
[quomodosoft.com/html/csoon/minimal/js/vendor/bootstrap.min.js]
[quomodosoft.com/html/csoon/minimal/js/vendor/jquery.easing.1.3.js]
[quomodosoft.com/html/csoon/minimal/js/vendor/jquery-migrate-1.2.1.min.js]
[quomodosoft.com/html/csoon/minimal/js/typed.js]
[quomodosoft.com/html/csoon/minimal/js/jquery.downCount.js]
[quomodosoft.com/html/csoon/minimal/js/jquery.nicescroll.min.js]
[quomodosoft.com/html/csoon/minimal/js/jquery.magnific-popup.min.js]
[quomodosoft.com/html/csoon/minimal/js/jquery.ajaxchimp.js]
[quomodosoft.com/html/csoon/minimal/js/contact-form.js]
[quomodosoft.com/html/csoon/minimal/js/shader/fss.min.js]
[quomodosoft.com/html/csoon/minimal/js/shader/shader-active.js]
[quomodosoft.com/html/csoon/minimal/js/main.js]
[quomodosoft.com/html/csoon/minimal/index-shader.html]
[quomodosoft.com/html/csoon/minimal/css/normalize.css]
[quomodosoft.com/html/csoon/minimal/css/animate.css]
[quomodosoft.com/html/csoon/minimal/css/magnific-popup.css]
[quomodosoft.com/html/csoon/minimal/css/typed.css]
[quomodosoft.com/html/csoon/minimal/fonts/glyphicons-halflings-regular.eot]
[quomodosoft.com/html/csoon/minimal/fonts/glyphicons-halflings-regulard41d.eot]
[quomodosoft.com/html/csoon/minimal/fonts/glyphicons-halflings-regular.woff2]
[quomodosoft.com/html/csoon/minimal/fonts/glyphicons-halflings-regular.woff]
[quomodosoft.com/html/csoon/minimal/fonts/glyphicons-halflings-regular.ttf]
[quomodosoft.com/html/csoon/minimal/css/bootstrap.min.css]
[quomodosoft.com/html/csoon/minimal/fonts/fontawesome-webfont5b62.eot]
[quomodosoft.com/html/csoon/minimal/fonts/fontawesome-webfontd41d.eot]
[quomodosoft.com/html/csoon/minimal/fonts/fontawesome-webfont5b62.woff2]
[quomodosoft.com/html/csoon/minimal/fonts/fontawesome-webfont5b62.woff]
[quomodosoft.com/html/csoon/minimal/fonts/fontawesome-webfont5b62.ttf]
[quomodosoft.com/html/csoon/minimal/css/font-awesome.min.css]
[quomodosoft.com/html/csoon/minimal/img/background/default_3.jpg]
[quomodosoft.com/html/csoon/minimal/img/pattarn.png]
[quomodosoft.com/html/csoon/minimal/img/cursor.gif]
[quomodosoft.com/html/csoon/minimal/img/background/default_5.jpg]
[quomodosoft.com/html/csoon/minimal/img/background/water_3.jpg]
[quomodosoft.com/html/csoon/minimal/style.css]
[quomodosoft.com/html/csoon/minimal/css/responsive.css]
[quomodosoft.com/html/csoon/minimal/img/loading.svg]
[quomodosoft.com/html/csoon/minimal/fonts/glyphicons-halflings-regular.svg]
[quomodosoft.com/html/csoon/minimal/fonts/fontawesome-webfont5b62.svg]
